<?xml version="1.0" encoding="UTF-8"?>
<testng-results skipped="0" failed="0" ignored="0" total="1" passed="1">
  <reporter-output>
  </reporter-output>
  <suite name="Default suite" duration-ms="107" started-at="2021-05-01T15:45:27 IST" finished-at="2021-05-01T15:45:27 IST">
    <groups>
    </groups>
    <test name="Default test" duration-ms="107" started-at="2021-05-01T15:45:27 IST" finished-at="2021-05-01T15:45:27 IST">
      <class name="testcases.TC_003">
        <test-method status="PASS" signature="print()[pri:0, instance:testcases.TC_003@4f063c0a]" name="print" duration-ms="18" started-at="2021-05-01T15:45:27 IST" finished-at="2021-05-01T15:45:27 IST">
          <reporter-output>
          </reporter-output>
        </test-method> <!-- print -->
      </class> <!-- testcases.TC_003 -->
    </test> <!-- Default test -->
  </suite> <!-- Default suite -->
</testng-results>
